<?xml version="1.0" encoding="UTF-8"?>
<!-- Generated by org.testng.reporters.JUnitReportReporter -->
<testsuite hostname="EPRURYAW0079" name="com.epam.maya_semina.test.BaseTest" tests="1" failures="0" timestamp="14 Sep 2016 13:02:11 GMT" time="0.463" errors="0">
  <testcase name="navigateToMailPageTest" time="0.463" classname="com.epam.maya_semina.test.BaseTest"/>
</testsuite> <!-- com.epam.maya_semina.test.BaseTest -->
